<?xml version="1.0" encoding="UTF-8"?>
<testng-results skipped="0" failed="0" total="2" passed="2">
  <reporter-output>
  </reporter-output>
  <suite name="Default suite" duration-ms="67" started-at="2018-03-03T04:39:38Z" finished-at="2018-03-03T04:39:38Z">
    <groups>
    </groups>
    <test name="Default test" duration-ms="67" started-at="2018-03-03T04:39:38Z" finished-at="2018-03-03T04:39:38Z">
      <class name="pack1.T7">
        <test-method status="PASS" signature="beforeSuite()[pri:0, instance:pack1.T7@2d45ba]" name="beforeSuite" is-config="true" duration-ms="23" started-at="2018-03-03T10:09:38Z" finished-at="2018-03-03T10:09:38Z">
          <reporter-output>
          </reporter-output>
        </test-method> <!-- beforeSuite -->
        <test-method status="PASS" signature="beforeTest()[pri:0, instance:pack1.T7@2d45ba]" name="beforeTest" is-config="true" duration-ms="1" started-at="2018-03-03T10:09:38Z" finished-at="2018-03-03T10:09:38Z">
          <reporter-output>
          </reporter-output>
        </test-method> <!-- beforeTest -->
        <test-method status="PASS" signature="beforeClass()[pri:0, instance:pack1.T7@2d45ba]" name="beforeClass" is-config="true" duration-ms="1" started-at="2018-03-03T10:09:38Z" finished-at="2018-03-03T10:09:38Z">
          <reporter-output>
          </reporter-output>
        </test-method> <!-- beforeClass -->
        <test-method status="PASS" signature="test()[pri:0, instance:pack1.T7@2d45ba]" name="test" duration-ms="26" started-at="2018-03-03T10:09:38Z" finished-at="2018-03-03T10:09:38Z">
          <reporter-output>
          </reporter-output>
        </test-method> <!-- test -->
        <test-method status="PASS" signature="beforeMethod()[pri:0, instance:pack1.T7@2d45ba]" name="beforeMethod" is-config="true" duration-ms="0" started-at="2018-03-03T10:09:38Z" finished-at="2018-03-03T10:09:38Z">
          <reporter-output>
          </reporter-output>
        </test-method> <!-- beforeMethod -->
        <test-method status="PASS" signature="afterMethod()[pri:0, instance:pack1.T7@2d45ba]" name="afterMethod" is-config="true" duration-ms="0" started-at="2018-03-03T10:09:38Z" finished-at="2018-03-03T10:09:38Z">
          <reporter-output>
          </reporter-output>
        </test-method> <!-- afterMethod -->
        <test-method status="PASS" signature="beforeMethod()[pri:0, instance:pack1.T7@2d45ba]" name="beforeMethod" is-config="true" duration-ms="0" started-at="2018-03-03T10:09:38Z" finished-at="2018-03-03T10:09:38Z">
          <reporter-output>
          </reporter-output>
        </test-method> <!-- beforeMethod -->
        <test-method status="PASS" signature="test2()[pri:0, instance:pack1.T7@2d45ba]" name="test2" duration-ms="3" started-at="2018-03-03T10:09:38Z" finished-at="2018-03-03T10:09:38Z">
          <reporter-output>
          </reporter-output>
        </test-method> <!-- test2 -->
        <test-method status="PASS" signature="afterMethod()[pri:0, instance:pack1.T7@2d45ba]" name="afterMethod" is-config="true" duration-ms="1" started-at="2018-03-03T10:09:38Z" finished-at="2018-03-03T10:09:38Z">
          <reporter-output>
          </reporter-output>
        </test-method> <!-- afterMethod -->
        <test-method status="PASS" signature="afterClass()[pri:0, instance:pack1.T7@2d45ba]" name="afterClass" is-config="true" duration-ms="0" started-at="2018-03-03T10:09:38Z" finished-at="2018-03-03T10:09:38Z">
          <reporter-output>
          </reporter-output>
        </test-method> <!-- afterClass -->
        <test-method status="PASS" signature="afterTest()[pri:0, instance:pack1.T7@2d45ba]" name="afterTest" is-config="true" duration-ms="1" started-at="2018-03-03T10:09:38Z" finished-at="2018-03-03T10:09:38Z">
          <reporter-output>
          </reporter-output>
        </test-method> <!-- afterTest -->
        <test-method status="PASS" signature="afterSuite()[pri:0, instance:pack1.T7@2d45ba]" name="afterSuite" is-config="true" duration-ms="1" started-at="2018-03-03T10:09:39Z" finished-at="2018-03-03T10:09:39Z">
          <reporter-output>
          </reporter-output>
        </test-method> <!-- afterSuite -->
      </class> <!-- pack1.T7 -->
    </test> <!-- Default test -->
  </suite> <!-- Default suite -->
</testng-results>
