<?xml version="1.0" encoding="UTF-8"?>
<testng-results skipped="0" failed="0" total="1" passed="1">
  <reporter-output>
  </reporter-output>
  <suite name="com.org.LearningMaven.TestMaven.TestGithub" duration-ms="56119" started-at="2018-03-02T18:13:59Z" finished-at="2018-03-02T18:14:55Z">
    <groups>
    </groups>
    <test name="Command line test" duration-ms="56119" started-at="2018-03-02T18:13:59Z" finished-at="2018-03-02T18:14:55Z">
      <class name="com.org.LearningMaven.TestMaven.TestGithub">
        <test-method status="PASS" signature="testJenkin()[pri:0, instance:com.org.LearningMaven.TestMaven.TestGithub@16e8792]" name="testJenkin" duration-ms="56087" started-at="2018-03-02T23:43:59Z" finished-at="2018-03-02T23:44:55Z">
          <reporter-output>
          </reporter-output>
        </test-method> <!-- testJenkin -->
      </class> <!-- com.org.LearningMaven.TestMaven.TestGithub -->
    </test> <!-- Command line test -->
  </suite> <!-- com.org.LearningMaven.TestMaven.TestGithub -->
</testng-results>
